execve("build/bitcoin-chain-ipc", ["build/bitcoin-chain-ipc", "/home/vinicius/.bitcoin/node.sock"], 0x7fff91f30fe8 /* 64 vars */) = 0
brk(NULL)                               = 0x55fa7ca2f000
access("/etc/ld.so.preload", R_OK)      = -1 ENOENT (No such file or directory)
openat(AT_FDCWD, "/etc/ld.so.cache", O_RDONLY|O_CLOEXEC) = 3
fstat(3, {st_mode=S_IFREG|0644, st_size=177795, ...}) = 0
mmap(NULL, 177795, PROT_READ, MAP_PRIVATE, 3, 0) = 0x7fca07a16000
close(3)                                = 0
openat(AT_FDCWD, "/usr/lib/libcapnp-rpc.so.1.2.0", O_RDONLY|O_CLOEXEC) = 3
read(3, "\177ELF\2\1\1\0\0\0\0\0\0\0\0\0\3\0>\0\1\0\0\0\0\0\0\0\0\0\0\0@\0\0\0\0\0\0\0\210!\17\0\0\0\0\0\0\0\0\0@\08\0\f\0@\0\34\0\33\0\1\0\0\0\4\0\0\0\0\0\0\0\0\0\0\0\0\0\0\0\0\0\0\0\0\0\0\0\0\0\0\0\200\373\1\0\0\0\0\0\200\373\1\0\0\0\0\0\0\20\0\0\0\0\0\0\1\0\0\0\5\0\0\0\0\0\2\0\0\0\0\0\0\0\2\0\0\0\0\0\0\0\2\0\0\0\0\0\205\257\t\0\0\0\0\0\205\257\t\0\0\0\0\0\0\20\0\0\0\0\0\0\1\0\0\0\4\0\0\0\0\260\v\0\0\0\0\0\0\260\v\0\0\0\0\0\0\260\v\0\0\0\0\0\220\344\2\0\0\0\0\0\220\344\2\0\0\0\0\0\0\20\0\0\0\0\0\0\1\0\0\0\6\0\0\0000\230\16\0\0\0\0\0000\250\16\0\0\0\0\0000\250\16\0\0\0\0\0\0\210\0\0\0\0\0\0\10\210\0\0\0\0\0\0\0\20\0\0\0\0\0\0\2\0\0\0\6\0\0\0\230\23\17\0\0\0\0\0\230#\17\0\0\0\0\0\230#\17\0\0\0\0\0P\2\0\0\0\0\0\0P\2\0\0\0\0\0\0\10\0\0\0\0\0\0\0\4\0\0\0\4\0\0\0\340\2\0\0\0\0\0\0\340\2\0\0\0\0\0\0\340\2\0\0\0\0\0\0$\0\0\0\0\0\0\0$\0\0\0\0\0\0\0\4\0\0\0\0\0\0\0\4\0\0\0\4\0\0\0P\224\16\0\0\0\0\0P\224\16\0\0\0\0\0P\224\16\0\0\0\0\0@\0\0\0\0\0\0\0@\0\0\0\0\0\0\0\10\0\0\0\0\0\0\0\7\0\0\0\4\0\0\0000\230\16\0\0\0\0\0000\250\16\0\0\0\0\0000\250\16\0\0\0\0\0\0\0\0\0\0\0\0\0\10\0\0\0\0\0\0\0\10\0\0\0\0\0\0\0S\345td\4\0\0\0P\224\16\0\0\0\0\0P\224\16\0\0\0\0\0P\224\16\0\0\0\0\0@\0\0\0\0\0\0\0@\0\0\0\0\0\0\0\10\0\0\0\0\0\0\0P\345td\4\0\0\0\f\271\f\0\0\0\0\0\f\271\f\0\0\0\0\0\f\271\f\0\0\0\0\0\374?\0\0\0\0\0\0\374?\0\0\0\0\0\0\4\0\0\0\0\0\0\0Q\345td\6\0\0\0\0\0\0\0\0\0\0\0\0\0\0\0\0\0\0\0\0\0\0\0\0\0\0\0\0\0\0\0\0\0\0\0\0\0\0\0\0\0\0\0\20\0\0\0\0\0\0\0R\345td\4\0\0\0000\230\16\0\0\0\0\0000\250\16\0\0\0\0\0000\250\16\0\0\0\0\0\320\207\0\0\0\0\0\0\320\207\0\0\0\0\0\0\1\0\0\0\0\0\0\0\4\0\0\0\24\0\0\0\3\0\0\0GNU\0\250\335\t\3323\343\313\255\355\"\353_\305<|\355zJz\274\0\0\0\0\364\3\0\0\343\0\0\0@\0\0\0\f\0\0\0`\0`\20\30B\10\0`\3\24\20\2115BQ\4LA@\0 \0P \30\n\20\0 \6\10\276\20AA\7\4C\24", 832) = 832
fstat(3, {st_mode=S_IFREG|0755, st_size=993416, ...}) = 0
mmap(NULL, 8192, PROT_READ|PROT_WRITE, MAP_PRIVATE|MAP_ANONYMOUS, -1, 0) = 0x7fca07a14000
mmap(NULL, 995384, PROT_READ, MAP_PRIVATE|MAP_DENYWRITE, 3, 0) = 0x7fca07920000
mmap(0x7fca07940000, 634880, PROT_READ|PROT_EXEC, MAP_PRIVATE|MAP_FIXED|MAP_DENYWRITE, 3, 0x20000) = 0x7fca07940000
mmap(0x7fca079db000, 192512, PROT_READ, MAP_PRIVATE|MAP_FIXED|MAP_DENYWRITE, 3, 0xbb000) = 0x7fca079db000
mmap(0x7fca07a0a000, 40960, PROT_READ|PROT_WRITE, MAP_PRIVATE|MAP_FIXED|MAP_DENYWRITE, 3, 0xe9000) = 0x7fca07a0a000
close(3)                                = 0
openat(AT_FDCWD, "/usr/lib/libcapnp.so.1.2.0", O_RDONLY|O_CLOEXEC) = 3
read(3, "\177ELF\2\1\1\0\0\0\0\0\0\0\0\0\3\0>\0\1\0\0\0\0\0\0\0\0\0\0\0@\0\0\0\0\0\0\0h\21\t\0\0\0\0\0\0\0\0\0@\08\0\v\0@\0\33\0\32\0\1\0\0\0\4\0\0\0\0\0\0\0\0\0\0\0\0\0\0\0\0\0\0\0\0\0\0\0\0\0\0\0\210Y\1\0\0\0\0\0\210Y\1\0\0\0\0\0\0\20\0\0\0\0\0\0\1\0\0\0\5\0\0\0\0`\1\0\0\0\0\0\0`\1\0\0\0\0\0\0`\1\0\0\0\0\0\31d\5\0\0\0\0\0\31d\5\0\0\0\0\0\0\20\0\0\0\0\0\0\1\0\0\0\4\0\0\0\0\320\6\0\0\0\0\0\0\320\6\0\0\0\0\0\0\320\6\0\0\0\0\0\330\372\1\0\0\0\0\0\330\372\1\0\0\0\0\0\0\20\0\0\0\0\0\0\1\0\0\0\6\0\0\0\20\332\10\0\0\0\0\0\20\332\10\0\0\0\0\0\20\332\10\0\0\0\0\0\0106\0\0\0\0\0\0 6\0\0\0\0\0\0\0\20\0\0\0\0\0\0\2\0\0\0\6\0\0\0X\1\t\0\0\0\0\0X\1\t\0\0\0\0\0X\1\t\0\0\0\0\0 \2\0\0\0\0\0\0 \2\0\0\0\0\0\0\10\0\0\0\0\0\0\0\4\0\0\0\4\0\0\0\250\2\0\0\0\0\0\0\250\2\0\0\0\0\0\0\250\2\0\0\0\0\0\0$\0\0\0\0\0\0\0$\0\0\0\0\0\0\0\4\0\0\0\0\0\0\0\4\0\0\0\4\0\0\0\230\312\10\0\0\0\0\0\230\312\10\0\0\0\0\0\230\312\10\0\0\0\0\0@\0\0\0\0\0\0\0@\0\0\0\0\0\0\0\10\0\0\0\0\0\0\0S\345td\4\0\0\0\230\312\10\0\0\0\0\0\230\312\10\0\0\0\0\0\230\312\10\0\0\0\0\0@\0\0\0\0\0\0\0@\0\0\0\0\0\0\0\10\0\0\0\0\0\0\0P\345td\4\0\0\0`\345\7\0\0\0\0\0`\345\7\0\0\0\0\0`\345\7\0\0\0\0\0\204\36\0\0\0\0\0\0\204\36\0\0\0\0\0\0\4\0\0\0\0\0\0\0Q\345td\6\0\0\0\0\0\0\0\0\0\0\0\0\0\0\0\0\0\0\0\0\0\0\0\0\0\0\0\0\0\0\0\0\0\0\0\0\0\0\0\0\0\0\0\20\0\0\0\0\0\0\0R\345td\4\0\0\0\20\332\10\0\0\0\0\0\20\332\10\0\0\0\0\0\20\332\10\0\0\0\0\0\3605\0\0\0\0\0\0\3605\0\0\0\0\0\0\1\0\0\0\0\0\0\0\4\0\0\0\24\0\0\0\3\0\0\0GNU\0\277\267C\214H:\311\264\376\30\20jX7\212\270w\242B\240\0\0\0\0\331\3\0\0u\0\0\0@\0\0\0\f\0\0\0\f\"\0\0\0\0\240!d\200$h\1\24\245\314D\231\20\0040\246\16\10\220\34\201\241\10\0\v\2P\200\32@@L\313D\20\4N\0B(i\2%\2\341\v`\220\tR\rd\26\5A\201T\36\261!(\5E\1I\0H\2.\0\201\10\1$\4\23\234*\231\20\33@P\34 \21\0B\r\3", 832) = 832
fstat(3, {st_mode=S_IFREG|0755, st_size=596008, ...}) = 0
mmap(NULL, 593968, PROT_READ, MAP_PRIVATE|MAP_DENYWRITE, 3, 0) = 0x7fca0788e000
mmap(0x7fca078a4000, 356352, PROT_READ|PROT_EXEC, MAP_PRIVATE|MAP_FIXED|MAP_DENYWRITE, 3, 0x16000) = 0x7fca078a4000
mmap(0x7fca078fb000, 131072, PROT_READ, MAP_PRIVATE|MAP_FIXED|MAP_DENYWRITE, 3, 0x6d000) = 0x7fca078fb000
mmap(0x7fca0791b000, 20480, PROT_READ|PROT_WRITE, MAP_PRIVATE|MAP_FIXED|MAP_DENYWRITE, 3, 0x8d000) = 0x7fca0791b000
close(3)                                = 0
openat(AT_FDCWD, "/usr/lib/libkj-async.so.1.2.0", O_RDONLY|O_CLOEXEC) = 3
read(3, "\177ELF\2\1\1\0\0\0\0\0\0\0\0\0\3\0>\0\1\0\0\0\0\0\0\0\0\0\0\0@\0\0\0\0\0\0\0\320\221\16\0\0\0\0\0\0\0\0\0@\08\0\f\0@\0\34\0\33\0\1\0\0\0\4\0\0\0\0\0\0\0\0\0\0\0\0\0\0\0\0\0\0\0\0\0\0\0\0\0\0\0X\261\1\0\0\0\0\0X\261\1\0\0\0\0\0\0\20\0\0\0\0\0\0\1\0\0\0\5\0\0\0\0\300\1\0\0\0\0\0\0\300\1\0\0\0\0\0\0\300\1\0\0\0\0\0\241\253\t\0\0\0\0\0\241\253\t\0\0\0\0\0\0\20\0\0\0\0\0\0\1\0\0\0\4\0\0\0\0p\v\0\0\0\0\0\0p\v\0\0\0\0\0\0p\v\0\0\0\0\0\200\240\2\0\0\0\0\0\200\240\2\0\0\0\0\0\0\20\0\0\0\0\0\0\1\0\0\0\6\0\0\0`\34\16\0\0\0\0\0`,\16\0\0\0\0\0`,\16\0\0\0\0\0\30t\0\0\0\0\0\0(w\0\0\0\0\0\0\0\20\0\0\0\0\0\0\2\0\0\0\6\0\0\0 \202\16\0\0\0\0\0 \222\16\0\0\0\0\0 \222\16\0\0\0\0\0000\2\0\0\0\0\0\0000\2\0\0\0\0\0\0\10\0\0\0\0\0\0\0\4\0\0\0\4\0\0\0\340\2\0\0\0\0\0\0\340\2\0\0\0\0\0\0\340\2\0\0\0\0\0\0$\0\0\0\0\0\0\0$\0\0\0\0\0\0\0\4\0\0\0\0\0\0\0\4\0\0\0\4\0\0\0@\20\16\0\0\0\0\0@\20\16\0\0\0\0\0@\20\16\0\0\0\0\0@\0\0\0\0\0\0\0@\0\0\0\0\0\0\0\10\0\0\0\0\0\0\0\7\0\0\0\4\0\0\0`\34\16\0\0\0\0\0`,\16\0\0\0\0\0`,\16\0\0\0\0\0\0\0\0\0\0\0\0\0\30\0\0\0\0\0\0\0\10\0\0\0\0\0\0\0S\345td\4\0\0\0@\20\16\0\0\0\0\0@\20\16\0\0\0\0\0@\20\16\0\0\0\0\0@\0\0\0\0\0\0\0@\0\0\0\0\0\0\0\10\0\0\0\0\0\0\0P\345td\4\0\0\0\344G\f\0\0\0\0\0\344G\f\0\0\0\0\0\344G\f\0\0\0\0\0,?\0\0\0\0\0\0,?\0\0\0\0\0\0\4\0\0\0\0\0\0\0Q\345td\6\0\0\0\0\0\0\0\0\0\0\0\0\0\0\0\0\0\0\0\0\0\0\0\0\0\0\0\0\0\0\0\0\0\0\0\0\0\0\0\0\0\0\0\20\0\0\0\0\0\0\0R\345td\4\0\0\0`\34\16\0\0\0\0\0`,\16\0\0\0\0\0`,\16\0\0\0\0\0\240s\0\0\0\0\0\0\240s\0\0\0\0\0\0\1\0\0\0\0\0\0\0\4\0\0\0\24\0\0\0\3\0\0\0GNU\0 \243\25\305J\34\23\21\206\377\226T\26M7\357g\232\204R\0\0\0\0\354\3\0\0\246\0\0\0@\0\0\0\f\0\0\0\220\4 \1\251Pj@\240\0\222!\10\202\30\0\263\311e\220\300j\6Q\3242\252\320TX\215\320\210\201\20A\30\2041\0", 832) = 832
fstat(3, {st_mode=S_IFREG|0755, st_size=956624, ...}) = 0
mmap(NULL, 959368, PROT_READ, MAP_PRIVATE|MAP_DENYWRITE, 3, 0) = 0x7fca077a3000
mmap(0x7fca077bf000, 634880, PROT_READ|PROT_EXEC, MAP_PRIVATE|MAP_FIXED|MAP_DENYWRITE, 3, 0x1c000) = 0x7fca077bf000
mmap(0x7fca0785a000, 176128, PROT_READ, MAP_PRIVATE|MAP_FIXED|MAP_DENYWRITE, 3, 0xb7000) = 0x7fca0785a000
mmap(0x7fca07885000, 36864, PROT_READ|PROT_WRITE, MAP_PRIVATE|MAP_FIXED|MAP_DENYWRITE, 3, 0xe1000) = 0x7fca07885000
close(3)                                = 0
openat(AT_FDCWD, "/usr/lib/libkj.so.1.2.0", O_RDONLY|O_CLOEXEC) = 3
read(3, "\177ELF\2\1\1\0\0\0\0\0\0\0\0\0\3\0>\0\1\0\0\0\0\0\0\0\0\0\0\0@\0\0\0\0\0\0\0\240\1\10\0\0\0\0\0\0\0\0\0@\08\0\f\0@\0\34\0\33\0\1\0\0\0\4\0\0\0\0\0\0\0\0\0\0\0\0\0\0\0\0\0\0\0\0\0\0\0\0\0\0\0@\26\1\0\0\0\0\0@\26\1\0\0\0\0\0\0\20\0\0\0\0\0\0\1\0\0\0\5\0\0\0\0 \1\0\0\0\0\0\0 \1\0\0\0\0\0\0 \1\0\0\0\0\0-\16\5\0\0\0\0\0-\16\5\0\0\0\0\0\0\20\0\0\0\0\0\0\1\0\0\0\4\0\0\0\0000\6\0\0\0\0\0\0000\6\0\0\0\0\0\0000\6\0\0\0\0\0\0\225\1\0\0\0\0\0\0\225\1\0\0\0\0\0\0\20\0\0\0\0\0\0\1\0\0\0\6\0\0\0\320\323\7\0\0\0\0\0\320\323\7\0\0\0\0\0\320\323\7\0\0\0\0\0x,\0\0\0\0\0\0 -\0\0\0\0\0\0\0\20\0\0\0\0\0\0\2\0\0\0\6\0\0\0H\363\7\0\0\0\0\0H\363\7\0\0\0\0\0H\363\7\0\0\0\0\0\20\2\0\0\0\0\0\0\20\2\0\0\0\0\0\0\10\0\0\0\0\0\0\0\4\0\0\0\4\0\0\0\340\2\0\0\0\0\0\0\340\2\0\0\0\0\0\0\340\2\0\0\0\0\0\0$\0\0\0\0\0\0\0$\0\0\0\0\0\0\0\4\0\0\0\0\0\0\0\4\0\0\0\4\0\0\0\300\304\7\0\0\0\0\0\300\304\7\0\0\0\0\0\300\304\7\0\0\0\0\0@\0\0\0\0\0\0\0@\0\0\0\0\0\0\0\10\0\0\0\0\0\0\0\7\0\0\0\4\0\0\0\320\323\7\0\0\0\0\0\320\323\7\0\0\0\0\0\320\323\7\0\0\0\0\0\0\0\0\0\0\0\0\0\20\0\0\0\0\0\0\0\10\0\0\0\0\0\0\0S\345td\4\0\0\0\300\304\7\0\0\0\0\0\300\304\7\0\0\0\0\0\300\304\7\0\0\0\0\0@\0\0\0\0\0\0\0@\0\0\0\0\0\0\0\10\0\0\0\0\0\0\0P\345td\4\0\0\0|\265\6\0\0\0\0\0|\265\6\0\0\0\0\0|\265\6\0\0\0\0\0d$\0\0\0\0\0\0d$\0\0\0\0\0\0\4\0\0\0\0\0\0\0Q\345td\6\0\0\0\0\0\0\0\0\0\0\0\0\0\0\0\0\0\0\0\0\0\0\0\0\0\0\0\0\0\0\0\0\0\0\0\0\0\0\0\0\0\0\0\20\0\0\0\0\0\0\0R\345td\4\0\0\0\320\323\7\0\0\0\0\0\320\323\7\0\0\0\0\0\320\323\7\0\0\0\0\0000,\0\0\0\0\0\0000,\0\0\0\0\0\0\1\0\0\0\0\0\0\0\4\0\0\0\24\0\0\0\3\0\0\0GNU\0\20\313\1\231m\375\0\343V!\315\270\237S\202#\315hnI\0\0\0\0\373\3\0\0\201\0\0\0@\0\0\0\f\0\0\0\22\6d \2Q\t@\10\2022(\200%\242\200\300\310\260@Z\1.\20\211\0\2\224\302\0\nv\3\0\1\201\1HE\10", 832) = 832
fstat(3, {st_mode=S_IFREG|0755, st_size=526496, ...}) = 0
mmap(NULL, 524528, PROT_READ, MAP_PRIVATE|MAP_DENYWRITE, 3, 0) = 0x7fca07722000
mmap(0x7fca07734000, 331776, PROT_READ|PROT_EXEC, MAP_PRIVATE|MAP_FIXED|MAP_DENYWRITE, 3, 0x12000) = 0x7fca07734000
mmap(0x7fca07785000, 106496, PROT_READ, MAP_PRIVATE|MAP_FIXED|MAP_DENYWRITE, 3, 0x63000) = 0x7fca07785000
mmap(0x7fca0779f000, 16384, PROT_READ|PROT_WRITE, MAP_PRIVATE|MAP_FIXED|MAP_DENYWRITE, 3, 0x7d000) = 0x7fca0779f000
close(3)                                = 0
openat(AT_FDCWD, "/usr/lib/libstdc++.so.6", O_RDONLY|O_CLOEXEC) = 3
read(3, "\177ELF\2\1\1\3\0\0\0\0\0\0\0\0\3\0>\0\1\0\0\0\0\0\0\0\0\0\0\0@\0\0\0\0\0\0\0\30\324,\0\0\0\0\0\0\0\0\0@\08\0\r\0@\0 \0\37\0\1\0\0\0\4\0\0\0\0\0\0\0\0\0\0\0\0\0\0\0\0\0\0\0\0\0\0\0\0\0\0\0000\231\t\0\0\0\0\0000\231\t\0\0\0\0\0\0\20\0\0\0\0\0\0\1\0\0\0\5\0\0\0\0\240\t\0\0\0\0\0\0\240\t\0\0\0\0\0\0\240\t\0\0\0\0\0\221.\30\0\0\0\0\0\221.\30\0\0\0\0\0\0\20\0\0\0\0\0\0\1\0\0\0\4\0\0\0\0\320!\0\0\0\0\0\0\320!\0\0\0\0\0\0\320!\0\0\0\0\0P\362\t\0\0\0\0\0P\362\t\0\0\0\0\0\0\20\0\0\0\0\0\0\1\0\0\0\6\0\0\0\350\304+\0\0\0\0\0\350\324+\0\0\0\0\0\350\324+\0\0\0\0\0\270\f\1\0\0\0\0\0\330M\1\0\0\0\0\0\0\20\0\0\0\0\0\0\2\0\0\0\6\0\0\0\210\232,\0\0\0\0\0\210\252,\0\0\0\0\0\210\252,\0\0\0\0\0000\2\0\0\0\0\0\0000\2\0\0\0\0\0\0\10\0\0\0\0\0\0\0\4\0\0\0\4\0\0\0\30\3\0\0\0\0\0\0\30\3\0\0\0\0\0\0\30\3\0\0\0\0\0\0$\0\0\0\0\0\0\0$\0\0\0\0\0\0\0\4\0\0\0\0\0\0\0\4\0\0\0\4\0\0\0\20\302+\0\0\0\0\0\20\302+\0\0\0\0\0\20\302+\0\0\0\0\0@\0\0\0\0\0\0\0@\0\0\0\0\0\0\0\10\0\0\0\0\0\0\0\7\0\0\0\4\0\0\0\350\304+\0\0\0\0\0\350\324+\0\0\0\0\0\350\324+\0\0\0\0\0\0\0\0\0\0\0\0\0 \0\0\0\0\0\0\0\10\0\0\0\0\0\0\0S\345td\4\0\0\0\20\302+\0\0\0\0\0\20\302+\0\0\0\0\0\20\302+\0\0\0\0\0@\0\0\0\0\0\0\0@\0\0\0\0\0\0\0\10\0\0\0\0\0\0\0P\345td\4\0\0\0d8'\0\0\0\0\0d8'\0\0\0\0\0d8'\0\0\0\0\0\314\256\0\0\0\0\0\0\314\256\0\0\0\0\0\0\4\0\0\0\0\0\0\0T\345td\4\0\0\0\340%+\0\0\0\0\0\340%+\0\0\0\0\0\340%+\0\0\0\0\0004\0\0\0\0\0\0\0004\0\0\0\0\0\0\0\10\0\0\0\0\0\0\0Q\345td\6\0\0\0\0\0\0\0\0\0\0\0\0\0\0\0\0\0\0\0\0\0\0\0\0\0\0\0\0\0\0\0\0\0\0\0\0\0\0\0\0\0\0\0\20\0\0\0\0\0\0\0R\345td\4\0\0\0\350\304+\0\0\0\0\0\350\324+\0\0\0\0\0\350\324+\0\0\0\0\0\30\v\1\0\0\0\0\0\30\v\1\0\0\0\0\0\1\0\0\0\0\0\0\0\4\0\0\0\24\0\0\0\3\0\0\0GNU\0GI\325\316y\254!\265\3507\300\1\305\2164+5\31~K\0\0\0\0", 832) = 832
fstat(3, {st_mode=S_IFREG|0755, st_size=2939928, ...}) = 0
mmap(NULL, 2958016, PROT_READ, MAP_PRIVATE|MAP_DENYWRITE, 3, 0) = 0x7fca07400000
mmap(0x7fca0749a000, 1585152, PROT_READ|PROT_EXEC, MAP_PRIVATE|MAP_FIXED|MAP_DENYWRITE, 3, 0x9a000) = 0x7fca0749a000
mmap(0x7fca0761d000, 655360, PROT_READ, MAP_PRIVATE|MAP_FIXED|MAP_DENYWRITE, 3, 0x21d000) = 0x7fca0761d000
mmap(0x7fca076bd000, 73728, PROT_READ|PROT_WRITE, MAP_PRIVATE|MAP_FIXED|MAP_DENYWRITE, 3, 0x2bc000) = 0x7fca076bd000
mmap(0x7fca076cf000, 12992, PROT_READ|PROT_WRITE, MAP_PRIVATE|MAP_FIXED|MAP_ANONYMOUS, -1, 0) = 0x7fca076cf000
close(3)                                = 0
openat(AT_FDCWD, "/usr/lib/libm.so.6", O_RDONLY|O_CLOEXEC) = 3
read(3, "\177ELF\2\1\1\3\0\0\0\0\0\0\0\0\3\0>\0\1\0\0\0\0\0\0\0\0\0\0\0@\0\0\0\0\0\0\0\360\21\23\0\0\0\0\0\0\0\0\0@\08\0\r\0@\0\"\0!\0\1\0\0\0\4\0\0\0\0\0\0\0\0\0\0\0\0\0\0\0\0\0\0\0\0\0\0\0\0\0\0\0\250\364\0\0\0\0\0\0\250\364\0\0\0\0\0\0\0\20\0\0\0\0\0\0\1\0\0\0\5\0\0\0\0\0\1\0\0\0\0\0\0\0\1\0\0\0\0\0\0\0\1\0\0\0\0\0\35\205\t\0\0\0\0\0\35\205\t\0\0\0\0\0\0\20\0\0\0\0\0\0\1\0\0\0\4\0\0\0\0\220\n\0\0\0\0\0\0\220\n\0\0\0\0\0\0\220\n\0\0\0\0\0000r\10\0\0\0\0\0000r\10\0\0\0\0\0\0\20\0\0\0\0\0\0\1\0\0\0\6\0\0\0000\v\23\0\0\0\0\0000\33\23\0\0\0\0\0000\33\23\0\0\0\0\0\350\4\0\0\0\0\0\0\30\6\0\0\0\0\0\0\0\20\0\0\0\0\0\0\2\0\0\0\6\0\0\0H\v\23\0\0\0\0\0H\33\23\0\0\0\0\0H\33\23\0\0\0\0\0\200\2\0\0\0\0\0\0\200\2\0\0\0\0\0\0\10\0\0\0\0\0\0\0\4\0\0\0\4\0\0\0\30\3\0\0\0\0\0\0\30\3\0\0\0\0\0\0\30\3\0\0\0\0\0\0$\0\0\0\0\0\0\0$\0\0\0\0\0\0\0\4\0\0\0\0\0\0\0\4\0\0\0\4\0\0\0\300\1\23\0\0\0\0\0\300\1\23\0\0\0\0\0\300\1\23\0\0\0\0\0P\0\0\0\0\0\0\0P\0\0\0\0\0\0\0\10\0\0\0\0\0\0\0\4\0\0\0\4\0\0\0\20\2\23\0\0\0\0\0\20\2\23\0\0\0\0\0\20\2\23\0\0\0\0\0 \0\0\0\0\0\0\0 \0\0\0\0\0\0\0\4\0\0\0\0\0\0\0S\345td\4\0\0\0\300\1\23\0\0\0\0\0\300\1\23\0\0\0\0\0\300\1\23\0\0\0\0\0P\0\0\0\0\0\0\0P\0\0\0\0\0\0\0\10\0\0\0\0\0\0\0P\345td\4\0\0\0\340\1\21\0\0\0\0\0\340\1\21\0\0\0\0\0\340\1\21\0\0\0\0\0\324#\0\0\0\0\0\0\324#\0\0\0\0\0\0\4\0\0\0\0\0\0\0T\345td\4\0\0\0\250\352\21\0\0\0\0\0\250\352\21\0\0\0\0\0\250\352\21\0\0\0\0\0%\257\0\0\0\0\0\0%\257\0\0\0\0\0\0\10\0\0\0\0\0\0\0Q\345td\6\0\0\0\0\0\0\0\0\0\0\0\0\0\0\0\0\0\0\0\0\0\0\0\0\0\0\0\0\0\0\0\0\0\0\0\0\0\0\0\0\0\0\0\20\0\0\0\0\0\0\0R\345td\4\0\0\0000\v\23\0\0\0\0\0000\33\23\0\0\0\0\0000\33\23\0\0\0\0\0\320\4\0\0\0\0\0\0\320\4\0\0\0\0\0\0\1\0\0\0\0\0\0\0\4\0\0\0\24\0\0\0\3\0\0\0GNU\0\376\5P\373\20}\322\374\0\301\22]\r\2734\21\357\231\36\322\0\0\0\0", 832) = 832
fstat(3, {st_mode=S_IFREG|0755, st_size=1251952, ...}) = 0
mmap(NULL, 1253704, PROT_READ, MAP_PRIVATE|MAP_DENYWRITE, 3, 0) = 0x7fca072cd000
mmap(0x7fca072dd000, 626688, PROT_READ|PROT_EXEC, MAP_PRIVATE|MAP_FIXED|MAP_DENYWRITE, 3, 0x10000) = 0x7fca072dd000
mmap(0x7fca07376000, 557056, PROT_READ, MAP_PRIVATE|MAP_FIXED|MAP_DENYWRITE, 3, 0xa9000) = 0x7fca07376000
mmap(0x7fca073fe000, 8192, PROT_READ|PROT_WRITE, MAP_PRIVATE|MAP_FIXED|MAP_DENYWRITE, 3, 0x130000) = 0x7fca073fe000
close(3)                                = 0
openat(AT_FDCWD, "/usr/lib/libgcc_s.so.1", O_RDONLY|O_CLOEXEC) = 3
read(3, "\177ELF\2\1\1\0\0\0\0\0\0\0\0\0\3\0>\0\1\0\0\0\0\0\0\0\0\0\0\0@\0\0\0\0\0\0\0\260\301\2\0\0\0\0\0\0\0\0\0@\08\0\f\0@\0\35\0\34\0\1\0\0\0\4\0\0\0\0\0\0\0\0\0\0\0\0\0\0\0\0\0\0\0\0\0\0\0\0\0\0\0 9\0\0\0\0\0\0 9\0\0\0\0\0\0\0\20\0\0\0\0\0\0\1\0\0\0\5\0\0\0\0@\0\0\0\0\0\0\0@\0\0\0\0\0\0\0@\0\0\0\0\0\0\225/\2\0\0\0\0\0\225/\2\0\0\0\0\0\0\20\0\0\0\0\0\0\1\0\0\0\4\0\0\0\0p\2\0\0\0\0\0\0p\2\0\0\0\0\0\0p\2\0\0\0\0\0\200>\0\0\0\0\0\0\200>\0\0\0\0\0\0\0\20\0\0\0\0\0\0\1\0\0\0\6\0\0\0\270\273\2\0\0\0\0\0\270\273\2\0\0\0\0\0\270\273\2\0\0\0\0\0P\4\0\0\0\0\0\0000\6\0\0\0\0\0\0\0\20\0\0\0\0\0\0\2\0\0\0\6\0\0\0\330\273\2\0\0\0\0\0\330\273\2\0\0\0\0\0\330\273\2\0\0\0\0\0\20\2\0\0\0\0\0\0\20\2\0\0\0\0\0\0\10\0\0\0\0\0\0\0\4\0\0\0\4\0\0\0\340\2\0\0\0\0\0\0\340\2\0\0\0\0\0\0\340\2\0\0\0\0\0\0$\0\0\0\0\0\0\0$\0\0\0\0\0\0\0\4\0\0\0\0\0\0\0\4\0\0\0\4\0\0\0@\256\2\0\0\0\0\0@\256\2\0\0\0\0\0@\256\2\0\0\0\0\0@\0\0\0\0\0\0\0@\0\0\0\0\0\0\0\10\0\0\0\0\0\0\0\7\0\0\0\4\0\0\0\270\273\2\0\0\0\0\0\270\273\2\0\0\0\0\0\270\273\2\0\0\0\0\0\0\0\0\0\0\0\0\0\10\0\0\0\0\0\0\0\10\0\0\0\0\0\0\0S\345td\4\0\0\0@\256\2\0\0\0\0\0@\256\2\0\0\0\0\0@\256\2\0\0\0\0\0@\0\0\0\0\0\0\0@\0\0\0\0\0\0\0\10\0\0\0\0\0\0\0P\345td\4\0\0\0\340y\2\0\0\0\0\0\340y\2\0\0\0\0\0\340y\2\0\0\0\0\0l\10\0\0\0\0\0\0l\10\0\0\0\0\0\0\4\0\0\0\0\0\0\0Q\345td\6\0\0\0\0\0\0\0\0\0\0\0\0\0\0\0\0\0\0\0\0\0\0\0\0\0\0\0\0\0\0\0\0\0\0\0\0\0\0\0\0\0\0\0\20\0\0\0\0\0\0\0R\345td\4\0\0\0\270\273\2\0\0\0\0\0\270\273\2\0\0\0\0\0\270\273\2\0\0\0\0\0H\4\0\0\0\0\0\0H\4\0\0\0\0\0\0\1\0\0\0\0\0\0\0\4\0\0\0\24\0\0\0\3\0\0\0GNU\0R\324\344K\255\367\343\332b\344Q\3\n\375\275,\20G\tT\0\0\0\0\205\1\0\0\34\0\0\0 \0\0\0\v\0\0\0\0D\3\0D\4\0\0\1\301\"D\0A\210@\200D \6 \10\0(\"@N\2\0\2A\260\2\0\21\0\0\0\10\0", 832) = 832
fstat(3, {st_mode=S_IFREG|0644, st_size=182512, ...}) = 0
mmap(NULL, 8192, PROT_READ|PROT_WRITE, MAP_PRIVATE|MAP_ANONYMOUS, -1, 0) = 0x7fca07720000
mmap(NULL, 180712, PROT_READ, MAP_PRIVATE|MAP_DENYWRITE, 3, 0) = 0x7fca076f3000
mmap(0x7fca076f7000, 143360, PROT_READ|PROT_EXEC, MAP_PRIVATE|MAP_FIXED|MAP_DENYWRITE, 3, 0x4000) = 0x7fca076f7000
mmap(0x7fca0771a000, 16384, PROT_READ, MAP_PRIVATE|MAP_FIXED|MAP_DENYWRITE, 3, 0x27000) = 0x7fca0771a000
mmap(0x7fca0771e000, 8192, PROT_READ|PROT_WRITE, MAP_PRIVATE|MAP_FIXED|MAP_DENYWRITE, 3, 0x2b000) = 0x7fca0771e000
close(3)                                = 0
openat(AT_FDCWD, "/usr/lib/libc.so.6", O_RDONLY|O_CLOEXEC) = 3
read(3, "\177ELF\2\1\1\3\0\0\0\0\0\0\0\0\3\0>\0\1\0\0\0\200y\2\0\0\0\0\0@\0\0\0\0\0\0\0 ]!\0\0\0\0\0\0\0\0\0@\08\0\20\0@\0@\0?\0\6\0\0\0\4\0\0\0@\0\0\0\0\0\0\0@\0\0\0\0\0\0\0@\0\0\0\0\0\0\0\200\3\0\0\0\0\0\0\200\3\0\0\0\0\0\0\10\0\0\0\0\0\0\0\3\0\0\0\4\0\0\0\340\371\33\0\0\0\0\0\340\371\33\0\0\0\0\0\340\371\33\0\0\0\0\0\36\0\0\0\0\0\0\0\36\0\0\0\0\0\0\0\20\0\0\0\0\0\0\0\1\0\0\0\4\0\0\0\0\0\0\0\0\0\0\0\0\0\0\0\0\0\0\0\0\0\0\0\0\0\0\0\208\2\0\0\0\0\0\208\2\0\0\0\0\0\0\20\0\0\0\0\0\0\1\0\0\0\5\0\0\0\0@\2\0\0\0\0\0\0@\2\0\0\0\0\0\0@\2\0\0\0\0\0\371\\\27\0\0\0\0\0\371\\\27\0\0\0\0\0\0\20\0\0\0\0\0\0\1\0\0\0\4\0\0\0\0\240\31\0\0\0\0\0\0\240\31\0\0\0\0\0\0\240\31\0\0\0\0\0\220E\7\0\0\0\0\0\220E\7\0\0\0\0\0\0\20\0\0\0\0\0\0\1\0\0\0\6\0\0\0\230\353 \0\0\0\0\0\230\373 \0\0\0\0\0\230\373 \0\0\0\0\0\360J\0\0\0\0\0\0\330\317\0\0\0\0\0\0\0\20\0\0\0\0\0\0\2\0\0\0\6\0\0\0@\31!\0\0\0\0\0@)!\0\0\0\0\0@)!\0\0\0\0\0000\2\0\0\0\0\0\0000\2\0\0\0\0\0\0\10\0\0\0\0\0\0\0\4\0\0\0\4\0\0\0\300\3\0\0\0\0\0\0\300\3\0\0\0\0\0\0\300\3\0\0\0\0\0\0$\0\0\0\0\0\0\0$\0\0\0\0\0\0\0\4\0\0\0\0\0\0\0\4\0\0\0\4\0\0\0 \345 \0\0\0\0\0 \345 \0\0\0\0\0 \345 \0\0\0\0\0P\0\0\0\0\0\0\0P\0\0\0\0\0\0\0\10\0\0\0\0\0\0\0\4\0\0\0\4\0\0\0p\345 \0\0\0\0\0p\345 \0\0\0\0\0p\345 \0\0\0\0\0 \0\0\0\0\0\0\0 \0\0\0\0\0\0\0\4\0\0\0\0\0\0\0\7\0\0\0\4\0\0\0\230\353 \0\0\0\0\0\230\373 \0\0\0\0\0\230\373 \0\0\0\0\0000\0\0\0\0\0\0\0\200\0\0\0\0\0\0\0\10\0\0\0\0\0\0\0S\345td\4\0\0\0 \345 \0\0\0\0\0 \345 \0\0\0\0\0 \345 \0\0\0\0\0P\0\0\0\0\0\0\0P\0\0\0\0\0\0\0\10\0\0\0\0\0\0\0P\345td\4\0\0\0\0\372\33\0\0\0\0\0\0\372\33\0\0\0\0\0\0\372\33\0\0\0\0\0\34z\0\0\0\0\0\0\34z\0\0\0\0\0\0\4\0\0\0\0\0\0\0T\345td\4\0\0\0P\264\36\0\0\0\0\0P\264\36\0\0\0\0\0P\264\36\0\0\0\0\0\232*\2\0\0\0\0\0", 832) = 832
pread64(3, "\6\0\0\0\4\0\0\0@\0\0\0\0\0\0\0@\0\0\0\0\0\0\0@\0\0\0\0\0\0\0\200\3\0\0\0\0\0\0\200\3\0\0\0\0\0\0\10\0\0\0\0\0\0\0\3\0\0\0\4\0\0\0\340\371\33\0\0\0\0\0\340\371\33\0\0\0\0\0\340\371\33\0\0\0\0\0\36\0\0\0\0\0\0\0\36\0\0\0\0\0\0\0\20\0\0\0\0\0\0\0\1\0\0\0\4\0\0\0\0\0\0\0\0\0\0\0\0\0\0\0\0\0\0\0\0\0\0\0\0\0\0\0\208\2\0\0\0\0\0\208\2\0\0\0\0\0\0\20\0\0\0\0\0\0\1\0\0\0\5\0\0\0\0@\2\0\0\0\0\0\0@\2\0\0\0\0\0\0@\2\0\0\0\0\0\371\\\27\0\0\0\0\0\371\\\27\0\0\0\0\0\0\20\0\0\0\0\0\0\1\0\0\0\4\0\0\0\0\240\31\0\0\0\0\0\0\240\31\0\0\0\0\0\0\240\31\0\0\0\0\0\220E\7\0\0\0\0\0\220E\7\0\0\0\0\0\0\20\0\0\0\0\0\0\1\0\0\0\6\0\0\0\230\353 \0\0\0\0\0\230\373 \0\0\0\0\0\230\373 \0\0\0\0\0\360J\0\0\0\0\0\0\330\317\0\0\0\0\0\0\0\20\0\0\0\0\0\0\2\0\0\0\6\0\0\0@\31!\0\0\0\0\0@)!\0\0\0\0\0@)!\0\0\0\0\0000\2\0\0\0\0\0\0000\2\0\0\0\0\0\0\10\0\0\0\0\0\0\0\4\0\0\0\4\0\0\0\300\3\0\0\0\0\0\0\300\3\0\0\0\0\0\0\300\3\0\0\0\0\0\0$\0\0\0\0\0\0\0$\0\0\0\0\0\0\0\4\0\0\0\0\0\0\0\4\0\0\0\4\0\0\0 \345 \0\0\0\0\0 \345 \0\0\0\0\0 \345 \0\0\0\0\0P\0\0\0\0\0\0\0P\0\0\0\0\0\0\0\10\0\0\0\0\0\0\0\4\0\0\0\4\0\0\0p\345 \0\0\0\0\0p\345 \0\0\0\0\0p\345 \0\0\0\0\0 \0\0\0\0\0\0\0 \0\0\0\0\0\0\0\4\0\0\0\0\0\0\0\7\0\0\0\4\0\0\0\230\353 \0\0\0\0\0\230\373 \0\0\0\0\0\230\373 \0\0\0\0\0000\0\0\0\0\0\0\0\200\0\0\0\0\0\0\0\10\0\0\0\0\0\0\0S\345td\4\0\0\0 \345 \0\0\0\0\0 \345 \0\0\0\0\0 \345 \0\0\0\0\0P\0\0\0\0\0\0\0P\0\0\0\0\0\0\0\10\0\0\0\0\0\0\0P\345td\4\0\0\0\0\372\33\0\0\0\0\0\0\372\33\0\0\0\0\0\0\372\33\0\0\0\0\0\34z\0\0\0\0\0\0\34z\0\0\0\0\0\0\4\0\0\0\0\0\0\0T\345td\4\0\0\0P\264\36\0\0\0\0\0P\264\36\0\0\0\0\0P\264\36\0\0\0\0\0\232*\2\0\0\0\0\0\232*\2\0\0\0\0\0\10\0\0\0\0\0\0\0Q\345td\6\0\0\0\0\0\0\0\0\0\0\0\0\0\0\0\0\0\0\0\0\0\0\0\0\0\0\0\0\0\0\0\0\0\0\0\0\0\0\0\0\0\0\0\20\0\0\0\0\0\0\0R\345td\4\0\0\0\230\353 \0\0\0\0\0\230\373 \0\0\0\0\0\230\373 \0\0\0\0\0h4\0\0\0\0\0\0h4\0\0\0\0\0\0\1\0\0\0\0\0\0\0", 896, 64) = 896
fstat(3, {st_mode=S_IFREG|0755, st_size=2190624, ...}) = 0
pread64(3, "\6\0\0\0\4\0\0\0@\0\0\0\0\0\0\0@\0\0\0\0\0\0\0@\0\0\0\0\0\0\0\200\3\0\0\0\0\0\0\200\3\0\0\0\0\0\0\10\0\0\0\0\0\0\0\3\0\0\0\4\0\0\0\340\371\33\0\0\0\0\0\340\371\33\0\0\0\0\0\340\371\33\0\0\0\0\0\36\0\0\0\0\0\0\0\36\0\0\0\0\0\0\0\20\0\0\0\0\0\0\0\1\0\0\0\4\0\0\0\0\0\0\0\0\0\0\0\0\0\0\0\0\0\0\0\0\0\0\0\0\0\0\0\208\2\0\0\0\0\0\208\2\0\0\0\0\0\0\20\0\0\0\0\0\0\1\0\0\0\5\0\0\0\0@\2\0\0\0\0\0\0@\2\0\0\0\0\0\0@\2\0\0\0\0\0\371\\\27\0\0\0\0\0\371\\\27\0\0\0\0\0\0\20\0\0\0\0\0\0\1\0\0\0\4\0\0\0\0\240\31\0\0\0\0\0\0\240\31\0\0\0\0\0\0\240\31\0\0\0\0\0\220E\7\0\0\0\0\0\220E\7\0\0\0\0\0\0\20\0\0\0\0\0\0\1\0\0\0\6\0\0\0\230\353 \0\0\0\0\0\230\373 \0\0\0\0\0\230\373 \0\0\0\0\0\360J\0\0\0\0\0\0\330\317\0\0\0\0\0\0\0\20\0\0\0\0\0\0\2\0\0\0\6\0\0\0@\31!\0\0\0\0\0@)!\0\0\0\0\0@)!\0\0\0\0\0000\2\0\0\0\0\0\0000\2\0\0\0\0\0\0\10\0\0\0\0\0\0\0\4\0\0\0\4\0\0\0\300\3\0\0\0\0\0\0\300\3\0\0\0\0\0\0\300\3\0\0\0\0\0\0$\0\0\0\0\0\0\0$\0\0\0\0\0\0\0\4\0\0\0\0\0\0\0\4\0\0\0\4\0\0\0 \345 \0\0\0\0\0 \345 \0\0\0\0\0 \345 \0\0\0\0\0P\0\0\0\0\0\0\0P\0\0\0\0\0\0\0\10\0\0\0\0\0\0\0\4\0\0\0\4\0\0\0p\345 \0\0\0\0\0p\345 \0\0\0\0\0p\345 \0\0\0\0\0 \0\0\0\0\0\0\0 \0\0\0\0\0\0\0\4\0\0\0\0\0\0\0\7\0\0\0\4\0\0\0\230\353 \0\0\0\0\0\230\373 \0\0\0\0\0\230\373 \0\0\0\0\0000\0\0\0\0\0\0\0\200\0\0\0\0\0\0\0\10\0\0\0\0\0\0\0S\345td\4\0\0\0 \345 \0\0\0\0\0 \345 \0\0\0\0\0 \345 \0\0\0\0\0P\0\0\0\0\0\0\0P\0\0\0\0\0\0\0\10\0\0\0\0\0\0\0P\345td\4\0\0\0\0\372\33\0\0\0\0\0\0\372\33\0\0\0\0\0\0\372\33\0\0\0\0\0\34z\0\0\0\0\0\0\34z\0\0\0\0\0\0\4\0\0\0\0\0\0\0T\345td\4\0\0\0P\264\36\0\0\0\0\0P\264\36\0\0\0\0\0P\264\36\0\0\0\0\0\232*\2\0\0\0\0\0\232*\2\0\0\0\0\0\10\0\0\0\0\0\0\0Q\345td\6\0\0\0\0\0\0\0\0\0\0\0\0\0\0\0\0\0\0\0\0\0\0\0\0\0\0\0\0\0\0\0\0\0\0\0\0\0\0\0\0\0\0\0\20\0\0\0\0\0\0\0R\345td\4\0\0\0\230\353 \0\0\0\0\0\230\373 \0\0\0\0\0\230\373 \0\0\0\0\0h4\0\0\0\0\0\0h4\0\0\0\0\0\0\1\0\0\0\0\0\0\0", 896, 64) = 896
mmap(NULL, 2214768, PROT_READ, MAP_PRIVATE|MAP_DENYWRITE, 3, 0) = 0x7fca07000000
mmap(0x7fca07024000, 1531904, PROT_READ|PROT_EXEC, MAP_PRIVATE|MAP_FIXED|MAP_DENYWRITE, 3, 0x24000) = 0x7fca07024000
mmap(0x7fca0719a000, 479232, PROT_READ, MAP_PRIVATE|MAP_FIXED|MAP_DENYWRITE, 3, 0x19a000) = 0x7fca0719a000
mmap(0x7fca0720f000, 24576, PROT_READ|PROT_WRITE, MAP_PRIVATE|MAP_FIXED|MAP_DENYWRITE, 3, 0x20e000) = 0x7fca0720f000
mmap(0x7fca07215000, 31600, PROT_READ|PROT_WRITE, MAP_PRIVATE|MAP_FIXED|MAP_ANONYMOUS, -1, 0) = 0x7fca07215000
close(3)                                = 0
mmap(NULL, 8192, PROT_READ|PROT_WRITE, MAP_PRIVATE|MAP_ANONYMOUS, -1, 0) = 0x7fca076f1000
mmap(NULL, 12288, PROT_READ|PROT_WRITE, MAP_PRIVATE|MAP_ANONYMOUS, -1, 0) = 0x7fca076ee000
arch_prctl(ARCH_SET_FS, 0x7fca076ee7c0) = 0
set_tid_address(0x7fca076eede8)         = 70098
set_robust_list(0x7fca076eeaa0, 24)     = 0
rseq(0x7fca076ee680, 0x21, 0, 0x53053053) = 0
mprotect(0x7fca0720f000, 16384, PROT_READ) = 0
mprotect(0x7fca0771e000, 4096, PROT_READ) = 0
mprotect(0x7fca073fe000, 4096, PROT_READ) = 0
mprotect(0x7fca076bd000, 69632, PROT_READ) = 0
mprotect(0x7fca0779f000, 12288, PROT_READ) = 0
mprotect(0x7fca07885000, 32768, PROT_READ) = 0
mprotect(0x7fca0791b000, 16384, PROT_READ) = 0
mprotect(0x7fca07a0a000, 36864, PROT_READ) = 0
mprotect(0x55fa6a07f000, 32768, PROT_READ) = 0
mprotect(0x7fca07a84000, 8192, PROT_READ) = 0
prlimit64(0, RLIMIT_STACK, NULL, {rlim_cur=8192*1024, rlim_max=RLIM64_INFINITY}) = 0
getrandom("\x13\x79\x54\xb9\x4f\x82\x51\xac", 8, GRND_NONBLOCK) = 8
munmap(0x7fca07a16000, 177795)          = 0
futex(0x7fca076cf6bc, FUTEX_WAKE_PRIVATE, 2147483647) = 0
brk(NULL)                               = 0x55fa7ca2f000
brk(0x55fa7ca62000)                     = 0x55fa7ca62000
socket(AF_UNIX, SOCK_STREAM, 0)         = 3
connect(3, {sa_family=AF_UNIX, sun_path="/home/vinicius/.bitcoin/node.sock"}, 110) = 0
rt_sigaction(SIGPIPE, {sa_handler=SIG_IGN, sa_mask=[PIPE], sa_flags=SA_RESTORER|SA_RESTART, sa_restorer=0x7fca0703e8f0}, {sa_handler=SIG_DFL, sa_mask=[], sa_flags=0}, 8) = 0
epoll_create1(EPOLL_CLOEXEC)            = 4
eventfd2(0, EFD_CLOEXEC|EFD_NONBLOCK)   = 5
epoll_ctl(4, EPOLL_CTL_ADD, 5, {events=EPOLLIN, data=0}) = 0
rt_sigprocmask(SIG_BLOCK, NULL, [], 8)  = 0
ioctl(3, FIONBIO, [1])                  = 0
ioctl(3, FIOCLEX)                       = 0
epoll_ctl(4, EPOLL_CTL_ADD, 3, {events=EPOLLIN|EPOLLOUT|EPOLLRDHUP|EPOLLET, data=0x55fa7ca413b0}) = 0
read(3, 0x55fa7ca414e0, 65536)          = -1 EAGAIN (Resource temporarily unavailable)
writev(3, [{iov_base="\0\0\0\0\5\0\0\0", iov_len=8}, {iov_base="\0\0\0\0\1\0\1\0\10\0\0\0\0\0\0\0\0\0\0\0\1\0\1\0\0\0\0\0\0\0\0\0\0\0\0\0\0\0\0\0", iov_len=40}, {iov_base="\0\0\0\0\24\0\0\0", iov_len=8}, {iov_base="\0\0\0\0\1\0\1\0\2\0\0\0\0\0\0\0\0\0\0\0\3\0\3\0\1\0\0\0\0\0\0\0e\272\\\272\0\3078\210\0\0\0\0\0\0\0\0\24\0\0\0\1\0\1\0\4\0\0\0\0\0\2\0\0\0\0\0\0\0\0\0\4\0\0\0\0\0\1\0\31\0\0\0\27\0\0\0\3\0\0\0\0\0\0\0\0\0\0\0\1\0\0\0\0\0\0\0\1\0\1\0\0\0\0\0\0\0\0\0\1\0\0\0\7\0\0\0\0\0\0\0\1\0\0\0\4\0\0\0\1\0\1\0\1\0\0\0\0\0\0\0\0\0\0\0\0\0\0\0", iov_len=160}], 4) = 216
epoll_wait(4, [{events=EPOLLOUT, data=0x55fa7ca413b0}], 16, -1) = 1
epoll_wait(4, [{events=EPOLLIN|EPOLLOUT, data=0x55fa7ca413b0}], 16, -1) = 1
read(3, "\0\0\0\0\v\0\0\0\0\0\0\0\1\0\1\0\3\0\0\0\0\0\0\0\0\0\0\0\2\0\1\0\0\0\0\0\0\0\0\0\0\0\0\0\0\0\0\0\0\0\0\0\0\0\2\0\3\0\0\0\0\0\0\0\1\0\0\0\27\0\0\0\4\0\0\0\1\0\1\0\1\0\0\0\0\0\0\0\0\0\0\0\0\0\0\0\0\0\0\0\f\0\0\0\0\0\0\0\1\0\1\0\3\0\0\0\0\0\0\0\0\0\0\0\2\0\1\0\1\0\0\0\1\0\0\0\0\0\0\0\0\0\0\0\0\0\0\0\0\0\2\0\4\0\0\0\0\0\1\0\5\0\0\0\27\0\0\0\3\0\0\0\0\0\0\0\4\0\0\0\1\0\1\0\1\0\0\0\1\0\0\0\0\0\0\0\0\0\0\0", 65536) = 200
read(3, 0x55fa7ca414e0, 65536)          = -1 EAGAIN (Resource temporarily unavailable)
writev(3, [{iov_base="\0\0\0\0\4\0\0\0", iov_len=8}, {iov_base="\0\0\0\0\1\0\1\0\4\0\0\0\0\0\0\0\0\0\0\0\1\0\0\0\0\0\0\0\3\0\0\0", iov_len=32}, {iov_base="\0\0\0\0\17\0\0\0", iov_len=8}, {iov_base="\0\0\0\0\1\0\1\0\2\0\0\0\0\0\0\0\0\0\0\0\3\0\3\0\0\0\0\0\0\0\0\0\235\334\331\232\0277^\356\0\0\0\0\0\0\0\0\30\0\0\0\1\0\1\0\4\0\0\0\0\0\2\0\0\0\0\0\0\0\0\0\4\0\0\0\0\0\1\0\0\0\0\0\0\0\0\0\1\0\0\0:\0\0\0client\0\0\1\0\0\0\0\0\0\0\0\0\0\0\0\0\0\0", iov_len=120}], 4) = 168
epoll_wait(4, [{events=EPOLLOUT, data=0x55fa7ca413b0}], 16, -1) = 1
epoll_wait(4, [{events=EPOLLIN|EPOLLOUT, data=0x55fa7ca413b0}], 16, -1) = 1
read(3, "\0\0\0\0\f\0\0\0\0\0\0\0\1\0\1\0\3\0\0\0\0\0\0\0\0\0\0\0\2\0\1\0\0\0\0\0\1\0\0\0\0\0\0\0\0\0\0\0\0\0\0\0\0\0\2\0\4\0\0\0\0\0\1\0\5\0\0\0\27\0\0\0\3\0\0\0\0\0\0\0\4\0\0\0\1\0\1\0\1\0\0\0\2\0\0\0\0\0\0\0\0\0\0\0", 65536) = 104
read(3, 0x55fa7ca414e0, 65536)          = -1 EAGAIN (Resource temporarily unavailable)
writev(3, [{iov_base="\0\0\0\0\25\0\0\0", iov_len=8}, {iov_base="\0\0\0\0\1\0\1\0\2\0\0\0\0\0\0\0\0\0\0\0\3\0\3\0\2\0\0\0\5\0\0\0e\272\\\272\0\3078\210\0\0\0\0\0\0\0\0\34\0\0\0\1\0\1\0\4\0\0\0\0\0\2\0\0\0\0\0\0\0\0\0\4\0\0\0\0\0\1\0\25\0\0\0'\0\0\0\0\0\0\0\0\0\2\0\3\0\0\0\0\0\0\0\3\0\0\0\1\0\0\0\0\0\0\0\0\0\0\0\0\0\0\0\0\0\0\0\10\0\0\0\1\0\1\0\3\0\0\0\2\0\0\0\0\0\0\0\0\0\0\0\3\0\0\0\2\0\0\0\0\0\0\0\0\0\0\0", iov_len=168}], 2) = 176
epoll_wait(4, [{events=EPOLLOUT, data=0x55fa7ca413b0}], 16, -1) = 1
epoll_wait(4, [{events=EPOLLIN|EPOLLOUT, data=0x55fa7ca413b0}], 16, -1) = 1
read(3, "\0\0\0\0\f\0\0\0\0\0\0\0\1\0\1\0\3\0\0\0\0\0\0\0\0\0\0\0\2\0\1\0\2\0\0\0\1\0\0\0\0\0\0\0\0\0\0\0\0\0\0\0\0\0\2\0\4\0\0\0\0\0\1\0\5\0\0\0\27\0\0\0\3\0\0\0\0\0\0\0\4\0\0\0\1\0\1\0\1\0\0\0\3\0\0\0\0\0\0\0\0\0\0\0", 65536) = 104
read(3, 0x55fa7ca414e0, 65536)          = -1 EAGAIN (Resource temporarily unavailable)
writev(3, [{iov_base="\0\0\0\0\4\0\0\0", iov_len=8}, {iov_base="\0\0\0\0\1\0\1\0\4\0\0\0\0\0\0\0\0\0\0\0\1\0\0\0\2\0\0\0\3\0\0\0", iov_len=32}, {iov_base="\0\0\0\0\25\0\0\0", iov_len=8}, {iov_base="\0\0\0\0\1\0\1\0\2\0\0\0\0\0\0\0\0\0\0\0\3\0\3\0\2\0\0\0\1\0\0\0\263\24D\302T\35\373\335\2\0\0\0\0\0\0\0\34\0\0\0\1\0\1\0\4\0\0\0\0\0\2\0\0\0\0\0\0\0\0\0\4\0\0\0\0\0\1\0\25\0\0\0'\0\0\0\0\0\0\0\0\0\2\0\3\0\0\0\0\0\0\0\3\0\0\0\1\0\0\0\3\0\0\0\0\0\0\0\0\0\0\0\0\0\0\0\10\0\0\0\1\0\1\0\3\0\0\0\2\0\0\0\0\0\0\0\0\0\0\0\3\0\0\0\2\0\0\0\0\0\0\0\0\0\0\0", iov_len=168}], 4) = 216
epoll_wait(4, [{events=EPOLLOUT, data=0x55fa7ca413b0}], 16, -1) = 1
epoll_wait(4, [{events=EPOLLIN|EPOLLOUT, data=0x55fa7ca413b0}], 16, -1) = 1
read(3, "\0\0\0\0\t\0\0\0\0\0\0\0\1\0\1\0\3\0\0\0\0\0\0\0\0\0\0\0\2\0\1\0\2\0\0\0\3\0\0\0\0\0\0\0\0\0\0\0\0\0\0\0\0\0\2\0\4\0\0\0\1\0\0\0\0\0\0\0\0\0\0\0\234\204\16\0\1\0\0\0", 65536) = 80
fstat(1, {st_mode=S_IFCHR|0600, st_rdev=makedev(0x88, 0x10), ...}) = 0
write(1, "Chain height: 951452\n", 21)  = 21
epoll_ctl(4, EPOLL_CTL_DEL, 3, NULL)    = 0
close(3)                                = 0
close(5)                                = 0
close(4)                                = 0
exit_group(0)                           = ?
+++ exited with 0 +++
